25-08-23 03::55::521 [main] INFO  i.g.n.g.u.UserServiceApplication =Starting UserServiceApplication using Java 17.0.16 with PID 3992 (C:\SDK\Project\user-service\target\classes started by Chinta Ram in C:\SDK\Project\user-service)  
25-08-23 03::55::527 [main] INFO  i.g.n.g.u.UserServiceApplication =The following 1 profile is active: "dev"  
25-08-23 03::56::157 [main] INFO  i.g.n.g.u.UserServiceApplication =Starting UserServiceApplication using Java 17.0.16 with PID 12744 (C:\SDK\Project\user-service\target\classes started by Chinta Ram in C:\SDK\Project\user-service)  
25-08-23 03::56::162 [main] INFO  i.g.n.g.u.UserServiceApplication =The following 1 profile is active: "dev"  
25-08-23 04::04::517 [main] INFO  i.g.n.g.u.UserServiceApplication =Starting UserServiceApplication using Java 17.0.16 with PID 12572 (C:\SDK\Project\user-service\target\classes started by Chinta Ram in C:\SDK\Project\user-service)  
25-08-23 04::04::523 [main] INFO  i.g.n.g.u.UserServiceApplication =The following 1 profile is active: "dev"  
25-08-23 04::06::076 [main] INFO  i.g.n.g.u.UserServiceApplication =Starting UserServiceApplication using Java 17.0.16 with PID 1216 (C:\SDK\Project\user-service\target\classes started by Chinta Ram in C:\SDK\Project\user-service)  
25-08-23 04::06::082 [main] INFO  i.g.n.g.u.UserServiceApplication =The following 1 profile is active: "dev"  
25-08-23 04::06::115 [main] INFO  o.s.d.r.c.RepositoryConfigurationDelegate =Bootstrapping Spring Data JPA repositories in DEFAULT mode.  
25-08-23 04::06::274 [main] INFO  o.s.d.r.c.RepositoryConfigurationDelegate =Finished Spring Data repository scanning in 138 ms. Found 1 JPA repository interface.  
25-08-23 04::06::274 [main] INFO  o.s.b.w.e.tomcat.TomcatWebServer =Tomcat initialized with port 8080 (http)  
25-08-23 04::06::302 [main] INFO  o.a.coyote.http11.Http11NioProtocol =Initializing ProtocolHandler ["http-nio-8080"]  
25-08-23 04::06::306 [main] INFO  o.a.catalina.core.StandardService =Starting service [Tomcat]  
25-08-23 04::06::306 [main] INFO  o.a.catalina.core.StandardEngine =Starting Servlet engine: [Apache Tomcat/10.1.44]  
25-08-23 04::06::456 [main] INFO  o.a.c.c.C.[.[.[/grievance-portal] =Initializing Spring embedded WebApplicationContext  
25-08-23 04::06::458 [main] INFO  o.s.b.w.s.c.ServletWebServerApplicationContext =Root WebApplicationContext: initialization completed in 3215 ms  
25-08-23 04::06::213 [main] INFO  o.h.jpa.internal.util.LogHelper =HHH000204: Processing PersistenceUnitInfo [name: default]  
25-08-23 04::06::365 [main] INFO  org.hibernate.Version =HHH000412: Hibernate ORM core version 6.6.26.Final  
25-08-23 04::06::477 [main] INFO  o.h.c.i.RegionFactoryInitiator =HHH000026: Second-level cache disabled  
25-08-23 04::06::186 [main] INFO  o.s.o.j.p.SpringPersistenceUnitInfo =No LoadTimeWeaver setup: ignoring JPA class transformer  
25-08-23 04::06::252 [main] INFO  com.zaxxer.hikari.HikariDataSource =HikariPool-1 - Starting...  
25-08-23 04::06::046 [main] INFO  com.zaxxer.hikari.pool.HikariPool =HikariPool-1 - Added connection com.mysql.cj.jdbc.ConnectionImpl@73d83141  
25-08-23 04::06::050 [main] INFO  com.zaxxer.hikari.HikariDataSource =HikariPool-1 - Start completed.  
25-08-23 04::06::261 [main] INFO  o.hibernate.orm.connections.pooling =HHH10001005: Database info:
	Database JDBC URL [Connecting through datasource 'HikariDataSource (HikariPool-1)']
	Database driver: undefined/unknown
	Database version: 8.0.43
	Autocommit mode: undefined/unknown
	Isolation level: undefined/unknown
	Minimum pool size: undefined/unknown
	Maximum pool size: undefined/unknown  
25-08-23 04::06::936 [main] INFO  o.h.e.t.j.p.i.JtaPlatformInitiator =HHH000489: No JTA platform available (set 'hibernate.transaction.jta.platform' to enable JTA platform integration)  
25-08-23 04::06::071 [main] WARN  o.h.t.s.i.ExceptionHandlerLoggedImpl =GenerationTarget encountered exception accepting command : Error executing DDL "
    alter table user_details 
       add column id bigint not null auto_increment" via JDBC [Incorrect table definition; there can be only one auto column and it must be defined as a key]  
org.hibernate.tool.schema.spi.CommandAcceptanceException: Error executing DDL "
    alter table user_details 
       add column id bigint not null auto_increment" via JDBC [Incorrect table definition; there can be only one auto column and it must be defined as a key]
	at org.hibernate.tool.schema.internal.exec.GenerationTargetToDatabase.accept(GenerationTargetToDatabase.java:94)
	at org.hibernate.tool.schema.internal.AbstractSchemaMigrator.applySqlString(AbstractSchemaMigrator.java:576)
	at org.hibernate.tool.schema.internal.AbstractSchemaMigrator.applySqlStrings(AbstractSchemaMigrator.java:516)
	at org.hibernate.tool.schema.internal.AbstractSchemaMigrator.migrateTable(AbstractSchemaMigrator.java:334)
	at org.hibernate.tool.schema.internal.GroupedSchemaMigratorImpl.performTablesMigration(GroupedSchemaMigratorImpl.java:84)
	at org.hibernate.tool.schema.internal.AbstractSchemaMigrator.performMigration(AbstractSchemaMigrator.java:233)
	at org.hibernate.tool.schema.internal.AbstractSchemaMigrator.doMigration(AbstractSchemaMigrator.java:112)
	at org.hibernate.tool.schema.spi.SchemaManagementToolCoordinator.performDatabaseAction(SchemaManagementToolCoordinator.java:280)
	at org.hibernate.tool.schema.spi.SchemaManagementToolCoordinator.lambda$process$5(SchemaManagementToolCoordinator.java:144)
	at java.base/java.util.HashMap.forEach(HashMap.java:1421)
	at org.hibernate.tool.schema.spi.SchemaManagementToolCoordinator.process(SchemaManagementToolCoordinator.java:141)
	at org.hibernate.boot.internal.SessionFactoryObserverForSchemaExport.sessionFactoryCreated(SessionFactoryObserverForSchemaExport.java:37)
	at org.hibernate.internal.SessionFactoryObserverChain.sessionFactoryCreated(SessionFactoryObserverChain.java:35)
	at org.hibernate.internal.SessionFactoryImpl.<init>(SessionFactoryImpl.java:324)
	at org.hibernate.boot.internal.SessionFactoryBuilderImpl.build(SessionFactoryBuilderImpl.java:463)
	at org.hibernate.jpa.boot.internal.EntityManagerFactoryBuilderImpl.build(EntityManagerFactoryBuilderImpl.java:1517)
	at org.springframework.orm.jpa.vendor.SpringHibernateJpaPersistenceProvider.createContainerEntityManagerFactory(SpringHibernateJpaPersistenceProvider.java:66)
	at org.springframework.orm.jpa.LocalContainerEntityManagerFactoryBean.createNativeEntityManagerFactory(LocalContainerEntityManagerFactoryBean.java:390)
	at org.springframework.orm.jpa.AbstractEntityManagerFactoryBean.buildNativeEntityManagerFactory(AbstractEntityManagerFactoryBean.java:419)
	at org.springframework.orm.jpa.AbstractEntityManagerFactoryBean.afterPropertiesSet(AbstractEntityManagerFactoryBean.java:400)
	at org.springframework.orm.jpa.LocalContainerEntityManagerFactoryBean.afterPropertiesSet(LocalContainerEntityManagerFactoryBean.java:366)
	at org.springframework.beans.factory.support.AbstractAutowireCapableBeanFactory.invokeInitMethods(AbstractAutowireCapableBeanFactory.java:1873)
	at org.springframework.beans.factory.support.AbstractAutowireCapableBeanFactory.initializeBean(AbstractAutowireCapableBeanFactory.java:1822)
	at org.springframework.beans.factory.support.AbstractAutowireCapableBeanFactory.doCreateBean(AbstractAutowireCapableBeanFactory.java:607)
	at org.springframework.beans.factory.support.AbstractAutowireCapableBeanFactory.createBean(AbstractAutowireCapableBeanFactory.java:529)
	at org.springframework.beans.factory.support.AbstractBeanFactory.lambda$doGetBean$0(AbstractBeanFactory.java:339)
	at org.springframework.beans.factory.support.DefaultSingletonBeanRegistry.getSingleton(DefaultSingletonBeanRegistry.java:373)
	at org.springframework.beans.factory.support.AbstractBeanFactory.doGetBean(AbstractBeanFactory.java:337)
	at org.springframework.beans.factory.support.AbstractBeanFactory.getBean(AbstractBeanFactory.java:207)
	at org.springframework.context.support.AbstractApplicationContext.finishBeanFactoryInitialization(AbstractApplicationContext.java:970)
	at org.springframework.context.support.AbstractApplicationContext.refresh(AbstractApplicationContext.java:627)
	at org.springframework.boot.web.servlet.context.ServletWebServerApplicationContext.refresh(ServletWebServerApplicationContext.java:146)
	at org.springframework.boot.SpringApplication.refresh(SpringApplication.java:752)
	at org.springframework.boot.SpringApplication.refreshContext(SpringApplication.java:439)
	at org.springframework.boot.SpringApplication.run(SpringApplication.java:318)
	at org.springframework.boot.SpringApplication.run(SpringApplication.java:1361)
	at org.springframework.boot.SpringApplication.run(SpringApplication.java:1350)
	at io.github.nitishc.grievance.user_service.UserServiceApplication.main(UserServiceApplication.java:14)
Caused by: java.sql.SQLSyntaxErrorException: Incorrect table definition; there can be only one auto column and it must be defined as a key
	at com.mysql.cj.jdbc.exceptions.SQLError.createSQLException(SQLError.java:112)
	at com.mysql.cj.jdbc.exceptions.SQLExceptionsMapping.translateException(SQLExceptionsMapping.java:114)
	at com.mysql.cj.jdbc.StatementImpl.executeInternal(StatementImpl.java:837)
	at com.mysql.cj.jdbc.StatementImpl.execute(StatementImpl.java:685)
	at com.zaxxer.hikari.pool.ProxyStatement.execute(ProxyStatement.java:95)
	at com.zaxxer.hikari.pool.HikariProxyStatement.execute(HikariProxyStatement.java)
	at org.hibernate.tool.schema.internal.exec.GenerationTargetToDatabase.accept(GenerationTargetToDatabase.java:80)
	... 37 common frames omitted
25-08-23 04::06::077 [main] INFO  o.s.o.j.LocalContainerEntityManagerFactoryBean =Initialized JPA EntityManagerFactory for persistence unit 'default'  
25-08-23 04::06::721 [main] WARN  o.s.b.a.o.j.JpaBaseConfiguration$JpaWebConfiguration =spring.jpa.open-in-view is enabled by default. Therefore, database queries may be performed during view rendering. Explicitly configure spring.jpa.open-in-view to disable this warning  
25-08-23 04::06::795 [main] INFO  o.s.v.b.OptionalValidatorFactoryBean =Failed to set up a Bean Validation provider: jakarta.validation.NoProviderFoundException: Unable to create a Configuration, because no Jakarta Bean Validation provider could be found. Add a provider like Hibernate Validator (RI) to your classpath.  
25-08-23 04::06::888 [main] WARN  o.s.b.w.s.c.AnnotationConfigServletWebServerApplicationContext =Exception encountered during context initialization - cancelling refresh attempt: org.springframework.beans.factory.BeanCreationException: Error creating bean with name 'requestMappingHandlerMapping' defined in class path resource [org/springframework/boot/autoconfigure/web/servlet/WebMvcAutoConfiguration$EnableWebMvcConfiguration.class]: Ambiguous mapping. Cannot map 'userControllerImpl' method 
io.github.nitishc.grievance.user_service.controller.controllerImpl.UserControllerImpl#getUserByEmail(String, HttpServletRequest)
to {GET [/user/user/{email}]}: There is already 'userControllerImpl' bean method
io.github.nitishc.grievance.user_service.controller.controllerImpl.UserControllerImpl#updateUser(String, RequestUserDto, HttpServletRequest) mapped.  
25-08-23 04::06::890 [main] INFO  o.s.o.j.LocalContainerEntityManagerFactoryBean =Closing JPA EntityManagerFactory for persistence unit 'default'  
25-08-23 04::06::894 [main] INFO  com.zaxxer.hikari.HikariDataSource =HikariPool-1 - Shutdown initiated...  
25-08-23 04::06::913 [main] INFO  com.zaxxer.hikari.HikariDataSource =HikariPool-1 - Shutdown completed.  
25-08-23 04::06::919 [main] INFO  o.a.catalina.core.StandardService =Stopping service [Tomcat]  
25-08-23 04::06::954 [main] INFO  o.s.b.a.l.ConditionEvaluationReportLogger =

Error starting ApplicationContext. To display the condition evaluation report re-run your application with 'debug' enabled.  
25-08-23 04::06::988 [main] ERROR o.s.boot.SpringApplication =Application run failed  
org.springframework.beans.factory.BeanCreationException: Error creating bean with name 'requestMappingHandlerMapping' defined in class path resource [org/springframework/boot/autoconfigure/web/servlet/WebMvcAutoConfiguration$EnableWebMvcConfiguration.class]: Ambiguous mapping. Cannot map 'userControllerImpl' method 
io.github.nitishc.grievance.user_service.controller.controllerImpl.UserControllerImpl#getUserByEmail(String, HttpServletRequest)
to {GET [/user/user/{email}]}: There is already 'userControllerImpl' bean method
io.github.nitishc.grievance.user_service.controller.controllerImpl.UserControllerImpl#updateUser(String, RequestUserDto, HttpServletRequest) mapped.
	at org.springframework.beans.factory.support.AbstractAutowireCapableBeanFactory.initializeBean(AbstractAutowireCapableBeanFactory.java:1826)
	at org.springframework.beans.factory.support.AbstractAutowireCapableBeanFactory.doCreateBean(AbstractAutowireCapableBeanFactory.java:607)
	at org.springframework.beans.factory.support.AbstractAutowireCapableBeanFactory.createBean(AbstractAutowireCapableBeanFactory.java:529)
	at org.springframework.beans.factory.support.AbstractBeanFactory.lambda$doGetBean$0(AbstractBeanFactory.java:339)
	at org.springframework.beans.factory.support.DefaultSingletonBeanRegistry.getSingleton(DefaultSingletonBeanRegistry.java:373)
	at org.springframework.beans.factory.support.AbstractBeanFactory.doGetBean(AbstractBeanFactory.java:337)
	at org.springframework.beans.factory.support.AbstractBeanFactory.getBean(AbstractBeanFactory.java:202)
	at org.springframework.beans.factory.support.DefaultListableBeanFactory.instantiateSingleton(DefaultListableBeanFactory.java:1222)
	at org.springframework.beans.factory.support.DefaultListableBeanFactory.preInstantiateSingleton(DefaultListableBeanFactory.java:1188)
	at org.springframework.beans.factory.support.DefaultListableBeanFactory.preInstantiateSingletons(DefaultListableBeanFactory.java:1123)
	at org.springframework.context.support.AbstractApplicationContext.finishBeanFactoryInitialization(AbstractApplicationContext.java:987)
	at org.springframework.context.support.AbstractApplicationContext.refresh(AbstractApplicationContext.java:627)
	at org.springframework.boot.web.servlet.context.ServletWebServerApplicationContext.refresh(ServletWebServerApplicationContext.java:146)
	at org.springframework.boot.SpringApplication.refresh(SpringApplication.java:752)
	at org.springframework.boot.SpringApplication.refreshContext(SpringApplication.java:439)
	at org.springframework.boot.SpringApplication.run(SpringApplication.java:318)
	at org.springframework.boot.SpringApplication.run(SpringApplication.java:1361)
	at org.springframework.boot.SpringApplication.run(SpringApplication.java:1350)
	at io.github.nitishc.grievance.user_service.UserServiceApplication.main(UserServiceApplication.java:14)
Caused by: java.lang.IllegalStateException: Ambiguous mapping. Cannot map 'userControllerImpl' method 
io.github.nitishc.grievance.user_service.controller.controllerImpl.UserControllerImpl#getUserByEmail(String, HttpServletRequest)
to {GET [/user/user/{email}]}: There is already 'userControllerImpl' bean method
io.github.nitishc.grievance.user_service.controller.controllerImpl.UserControllerImpl#updateUser(String, RequestUserDto, HttpServletRequest) mapped.
	at org.springframework.web.servlet.handler.AbstractHandlerMethodMapping$MappingRegistry.validateMethodMapping(AbstractHandlerMethodMapping.java:676)
	at org.springframework.web.servlet.handler.AbstractHandlerMethodMapping$MappingRegistry.register(AbstractHandlerMethodMapping.java:637)
	at org.springframework.web.servlet.handler.AbstractHandlerMethodMapping.registerHandlerMethod(AbstractHandlerMethodMapping.java:331)
	at org.springframework.web.servlet.mvc.method.annotation.RequestMappingHandlerMapping.registerHandlerMethod(RequestMappingHandlerMapping.java:507)
	at org.springframework.web.servlet.mvc.method.annotation.RequestMappingHandlerMapping.registerHandlerMethod(RequestMappingHandlerMapping.java:84)
	at org.springframework.web.servlet.handler.AbstractHandlerMethodMapping.lambda$detectHandlerMethods$2(AbstractHandlerMethodMapping.java:298)
	at java.base/java.util.LinkedHashMap.forEach(LinkedHashMap.java:721)
	at org.springframework.web.servlet.handler.AbstractHandlerMethodMapping.detectHandlerMethods(AbstractHandlerMethodMapping.java:296)
	at org.springframework.web.servlet.handler.AbstractHandlerMethodMapping.processCandidateBean(AbstractHandlerMethodMapping.java:265)
	at org.springframework.web.servlet.handler.AbstractHandlerMethodMapping.initHandlerMethods(AbstractHandlerMethodMapping.java:224)
	at org.springframework.web.servlet.handler.AbstractHandlerMethodMapping.afterPropertiesSet(AbstractHandlerMethodMapping.java:212)
	at org.springframework.web.servlet.mvc.method.annotation.RequestMappingHandlerMapping.afterPropertiesSet(RequestMappingHandlerMapping.java:237)
	at org.springframework.beans.factory.support.AbstractAutowireCapableBeanFactory.invokeInitMethods(AbstractAutowireCapableBeanFactory.java:1873)
	at org.springframework.beans.factory.support.AbstractAutowireCapableBeanFactory.initializeBean(AbstractAutowireCapableBeanFactory.java:1822)
	... 18 common frames omitted
25-08-23 04::10::561 [main] INFO  i.g.n.g.u.UserServiceApplication =Starting UserServiceApplication using Java 17.0.16 with PID 11788 (C:\SDK\Project\user-service\target\classes started by Chinta Ram in C:\SDK\Project\user-service)  
25-08-23 04::10::566 [main] INFO  i.g.n.g.u.UserServiceApplication =The following 1 profile is active: "dev"  
25-08-23 04::10::400 [main] INFO  o.s.d.r.c.RepositoryConfigurationDelegate =Bootstrapping Spring Data JPA repositories in DEFAULT mode.  
25-08-23 04::10::528 [main] INFO  o.s.d.r.c.RepositoryConfigurationDelegate =Finished Spring Data repository scanning in 107 ms. Found 1 JPA repository interface.  
25-08-23 04::10::400 [main] INFO  o.s.b.w.e.tomcat.TomcatWebServer =Tomcat initialized with port 8080 (http)  
25-08-23 04::10::420 [main] INFO  o.a.coyote.http11.Http11NioProtocol =Initializing ProtocolHandler ["http-nio-8080"]  
25-08-23 04::10::423 [main] INFO  o.a.catalina.core.StandardService =Starting service [Tomcat]  
25-08-23 04::10::424 [main] INFO  o.a.catalina.core.StandardEngine =Starting Servlet engine: [Apache Tomcat/10.1.44]  
25-08-23 04::10::730 [main] INFO  o.a.c.c.C.[.[.[/grievance-portal] =Initializing Spring embedded WebApplicationContext  
25-08-23 04::10::731 [main] INFO  o.s.b.w.s.c.ServletWebServerApplicationContext =Root WebApplicationContext: initialization completed in 3032 ms  
25-08-23 04::10::304 [main] INFO  o.h.jpa.internal.util.LogHelper =HHH000204: Processing PersistenceUnitInfo [name: default]  
25-08-23 04::10::392 [main] INFO  org.hibernate.Version =HHH000412: Hibernate ORM core version 6.6.26.Final  
25-08-23 04::10::460 [main] INFO  o.h.c.i.RegionFactoryInitiator =HHH000026: Second-level cache disabled  
25-08-23 04::10::036 [main] INFO  o.s.o.j.p.SpringPersistenceUnitInfo =No LoadTimeWeaver setup: ignoring JPA class transformer  
25-08-23 04::10::099 [main] INFO  com.zaxxer.hikari.HikariDataSource =HikariPool-1 - Starting...  
25-08-23 04::10::673 [main] INFO  com.zaxxer.hikari.pool.HikariPool =HikariPool-1 - Added connection com.mysql.cj.jdbc.ConnectionImpl@5f68eec6  
25-08-23 04::10::677 [main] INFO  com.zaxxer.hikari.HikariDataSource =HikariPool-1 - Start completed.  
25-08-23 04::10::862 [main] INFO  o.hibernate.orm.connections.pooling =HHH10001005: Database info:
	Database JDBC URL [Connecting through datasource 'HikariDataSource (HikariPool-1)']
	Database driver: undefined/unknown
	Database version: 8.0.43
	Autocommit mode: undefined/unknown
	Isolation level: undefined/unknown
	Minimum pool size: undefined/unknown
	Maximum pool size: undefined/unknown  
25-08-23 04::10::476 [main] INFO  o.h.e.t.j.p.i.JtaPlatformInitiator =HHH000489: No JTA platform available (set 'hibernate.transaction.jta.platform' to enable JTA platform integration)  
25-08-23 04::10::664 [main] INFO  o.s.o.j.LocalContainerEntityManagerFactoryBean =Initialized JPA EntityManagerFactory for persistence unit 'default'  
25-08-23 04::10::466 [main] WARN  o.s.b.a.o.j.JpaBaseConfiguration$JpaWebConfiguration =spring.jpa.open-in-view is enabled by default. Therefore, database queries may be performed during view rendering. Explicitly configure spring.jpa.open-in-view to disable this warning  
25-08-23 04::10::552 [main] INFO  o.s.v.b.OptionalValidatorFactoryBean =Failed to set up a Bean Validation provider: jakarta.validation.NoProviderFoundException: Unable to create a Configuration, because no Jakarta Bean Validation provider could be found. Add a provider like Hibernate Validator (RI) to your classpath.  
25-08-23 04::10::659 [main] WARN  o.s.b.w.s.c.AnnotationConfigServletWebServerApplicationContext =Exception encountered during context initialization - cancelling refresh attempt: org.springframework.beans.factory.BeanCreationException: Error creating bean with name 'requestMappingHandlerMapping' defined in class path resource [org/springframework/boot/autoconfigure/web/servlet/WebMvcAutoConfiguration$EnableWebMvcConfiguration.class]: Ambiguous mapping. Cannot map 'userControllerImpl' method 
io.github.nitishc.grievance.user_service.controller.controllerImpl.UserControllerImpl#getUserByEmail(String, HttpServletRequest)
to {GET [/user/user/{email}]}: There is already 'userControllerImpl' bean method
io.github.nitishc.grievance.user_service.controller.controllerImpl.UserControllerImpl#updateUser(String, RequestUserDto, HttpServletRequest) mapped.  
25-08-23 04::10::660 [main] INFO  o.s.o.j.LocalContainerEntityManagerFactoryBean =Closing JPA EntityManagerFactory for persistence unit 'default'  
25-08-23 04::10::664 [main] INFO  com.zaxxer.hikari.HikariDataSource =HikariPool-1 - Shutdown initiated...  
25-08-23 04::10::678 [main] INFO  com.zaxxer.hikari.HikariDataSource =HikariPool-1 - Shutdown completed.  
25-08-23 04::10::683 [main] INFO  o.a.catalina.core.StandardService =Stopping service [Tomcat]  
25-08-23 04::10::729 [main] INFO  o.s.b.a.l.ConditionEvaluationReportLogger =

Error starting ApplicationContext. To display the condition evaluation report re-run your application with 'debug' enabled.  
25-08-23 04::10::770 [main] ERROR o.s.boot.SpringApplication =Application run failed  
org.springframework.beans.factory.BeanCreationException: Error creating bean with name 'requestMappingHandlerMapping' defined in class path resource [org/springframework/boot/autoconfigure/web/servlet/WebMvcAutoConfiguration$EnableWebMvcConfiguration.class]: Ambiguous mapping. Cannot map 'userControllerImpl' method 
io.github.nitishc.grievance.user_service.controller.controllerImpl.UserControllerImpl#getUserByEmail(String, HttpServletRequest)
to {GET [/user/user/{email}]}: There is already 'userControllerImpl' bean method
io.github.nitishc.grievance.user_service.controller.controllerImpl.UserControllerImpl#updateUser(String, RequestUserDto, HttpServletRequest) mapped.
	at org.springframework.beans.factory.support.AbstractAutowireCapableBeanFactory.initializeBean(AbstractAutowireCapableBeanFactory.java:1826)
	at org.springframework.beans.factory.support.AbstractAutowireCapableBeanFactory.doCreateBean(AbstractAutowireCapableBeanFactory.java:607)
	at org.springframework.beans.factory.support.AbstractAutowireCapableBeanFactory.createBean(AbstractAutowireCapableBeanFactory.java:529)
	at org.springframework.beans.factory.support.AbstractBeanFactory.lambda$doGetBean$0(AbstractBeanFactory.java:339)
	at org.springframework.beans.factory.support.DefaultSingletonBeanRegistry.getSingleton(DefaultSingletonBeanRegistry.java:373)
	at org.springframework.beans.factory.support.AbstractBeanFactory.doGetBean(AbstractBeanFactory.java:337)
	at org.springframework.beans.factory.support.AbstractBeanFactory.getBean(AbstractBeanFactory.java:202)
	at org.springframework.beans.factory.support.DefaultListableBeanFactory.instantiateSingleton(DefaultListableBeanFactory.java:1222)
	at org.springframework.beans.factory.support.DefaultListableBeanFactory.preInstantiateSingleton(DefaultListableBeanFactory.java:1188)
	at org.springframework.beans.factory.support.DefaultListableBeanFactory.preInstantiateSingletons(DefaultListableBeanFactory.java:1123)
	at org.springframework.context.support.AbstractApplicationContext.finishBeanFactoryInitialization(AbstractApplicationContext.java:987)
	at org.springframework.context.support.AbstractApplicationContext.refresh(AbstractApplicationContext.java:627)
	at org.springframework.boot.web.servlet.context.ServletWebServerApplicationContext.refresh(ServletWebServerApplicationContext.java:146)
	at org.springframework.boot.SpringApplication.refresh(SpringApplication.java:752)
	at org.springframework.boot.SpringApplication.refreshContext(SpringApplication.java:439)
	at org.springframework.boot.SpringApplication.run(SpringApplication.java:318)
	at org.springframework.boot.SpringApplication.run(SpringApplication.java:1361)
	at org.springframework.boot.SpringApplication.run(SpringApplication.java:1350)
	at io.github.nitishc.grievance.user_service.UserServiceApplication.main(UserServiceApplication.java:14)
Caused by: java.lang.IllegalStateException: Ambiguous mapping. Cannot map 'userControllerImpl' method 
io.github.nitishc.grievance.user_service.controller.controllerImpl.UserControllerImpl#getUserByEmail(String, HttpServletRequest)
to {GET [/user/user/{email}]}: There is already 'userControllerImpl' bean method
io.github.nitishc.grievance.user_service.controller.controllerImpl.UserControllerImpl#updateUser(String, RequestUserDto, HttpServletRequest) mapped.
	at org.springframework.web.servlet.handler.AbstractHandlerMethodMapping$MappingRegistry.validateMethodMapping(AbstractHandlerMethodMapping.java:676)
	at org.springframework.web.servlet.handler.AbstractHandlerMethodMapping$MappingRegistry.register(AbstractHandlerMethodMapping.java:637)
	at org.springframework.web.servlet.handler.AbstractHandlerMethodMapping.registerHandlerMethod(AbstractHandlerMethodMapping.java:331)
	at org.springframework.web.servlet.mvc.method.annotation.RequestMappingHandlerMapping.registerHandlerMethod(RequestMappingHandlerMapping.java:507)
	at org.springframework.web.servlet.mvc.method.annotation.RequestMappingHandlerMapping.registerHandlerMethod(RequestMappingHandlerMapping.java:84)
	at org.springframework.web.servlet.handler.AbstractHandlerMethodMapping.lambda$detectHandlerMethods$2(AbstractHandlerMethodMapping.java:298)
	at java.base/java.util.LinkedHashMap.forEach(LinkedHashMap.java:721)
	at org.springframework.web.servlet.handler.AbstractHandlerMethodMapping.detectHandlerMethods(AbstractHandlerMethodMapping.java:296)
	at org.springframework.web.servlet.handler.AbstractHandlerMethodMapping.processCandidateBean(AbstractHandlerMethodMapping.java:265)
	at org.springframework.web.servlet.handler.AbstractHandlerMethodMapping.initHandlerMethods(AbstractHandlerMethodMapping.java:224)
	at org.springframework.web.servlet.handler.AbstractHandlerMethodMapping.afterPropertiesSet(AbstractHandlerMethodMapping.java:212)
	at org.springframework.web.servlet.mvc.method.annotation.RequestMappingHandlerMapping.afterPropertiesSet(RequestMappingHandlerMapping.java:237)
	at org.springframework.beans.factory.support.AbstractAutowireCapableBeanFactory.invokeInitMethods(AbstractAutowireCapableBeanFactory.java:1873)
	at org.springframework.beans.factory.support.AbstractAutowireCapableBeanFactory.initializeBean(AbstractAutowireCapableBeanFactory.java:1822)
	... 18 common frames omitted
25-08-23 04::19::736 [main] INFO  i.g.n.g.u.UserServiceApplication =Starting UserServiceApplication using Java 17.0.16 with PID 8420 (C:\SDK\Project\user-service\target\classes started by Chinta Ram in C:\SDK\Project\user-service)  
25-08-23 04::19::744 [main] INFO  i.g.n.g.u.UserServiceApplication =The following 1 profile is active: "dev"  
25-08-23 04::19::717 [main] INFO  o.s.d.r.c.RepositoryConfigurationDelegate =Bootstrapping Spring Data JPA repositories in DEFAULT mode.  
25-08-23 04::19::857 [main] INFO  o.s.d.r.c.RepositoryConfigurationDelegate =Finished Spring Data repository scanning in 109 ms. Found 1 JPA repository interface.  
25-08-23 04::19::772 [main] INFO  o.s.b.w.e.tomcat.TomcatWebServer =Tomcat initialized with port 8080 (http)  
25-08-23 04::19::793 [main] INFO  o.a.coyote.http11.Http11NioProtocol =Initializing ProtocolHandler ["http-nio-8080"]  
25-08-23 04::19::800 [main] INFO  o.a.catalina.core.StandardService =Starting service [Tomcat]  
25-08-23 04::19::801 [main] INFO  o.a.catalina.core.StandardEngine =Starting Servlet engine: [Apache Tomcat/10.1.44]  
25-08-23 04::19::990 [main] INFO  o.a.c.c.C.[.[.[/grievance-portal] =Initializing Spring embedded WebApplicationContext  
25-08-23 04::19::991 [main] INFO  o.s.b.w.s.c.ServletWebServerApplicationContext =Root WebApplicationContext: initialization completed in 3126 ms  
25-08-23 04::19::820 [main] INFO  o.h.jpa.internal.util.LogHelper =HHH000204: Processing PersistenceUnitInfo [name: default]  
25-08-23 04::19::931 [main] INFO  org.hibernate.Version =HHH000412: Hibernate ORM core version 6.6.26.Final  
25-08-23 04::19::007 [main] INFO  o.h.c.i.RegionFactoryInitiator =HHH000026: Second-level cache disabled  
25-08-23 04::19::681 [main] INFO  o.s.o.j.p.SpringPersistenceUnitInfo =No LoadTimeWeaver setup: ignoring JPA class transformer  
25-08-23 04::19::760 [main] INFO  com.zaxxer.hikari.HikariDataSource =HikariPool-1 - Starting...  
25-08-23 04::20::399 [main] INFO  com.zaxxer.hikari.pool.HikariPool =HikariPool-1 - Added connection com.mysql.cj.jdbc.ConnectionImpl@2e8986b6  
25-08-23 04::20::402 [main] INFO  com.zaxxer.hikari.HikariDataSource =HikariPool-1 - Start completed.  
25-08-23 04::20::838 [main] INFO  o.hibernate.orm.connections.pooling =HHH10001005: Database info:
	Database JDBC URL [Connecting through datasource 'HikariDataSource (HikariPool-1)']
	Database driver: undefined/unknown
	Database version: 8.0.43
	Autocommit mode: undefined/unknown
	Isolation level: undefined/unknown
	Minimum pool size: undefined/unknown
	Maximum pool size: undefined/unknown  
25-08-23 04::20::839 [main] INFO  o.h.e.t.j.p.i.JtaPlatformInitiator =HHH000489: No JTA platform available (set 'hibernate.transaction.jta.platform' to enable JTA platform integration)  
25-08-23 04::20::920 [main] INFO  o.s.o.j.LocalContainerEntityManagerFactoryBean =Initialized JPA EntityManagerFactory for persistence unit 'default'  
25-08-23 04::20::514 [main] WARN  o.s.b.a.o.j.JpaBaseConfiguration$JpaWebConfiguration =spring.jpa.open-in-view is enabled by default. Therefore, database queries may be performed during view rendering. Explicitly configure spring.jpa.open-in-view to disable this warning  
25-08-23 04::20::594 [main] INFO  o.s.v.b.OptionalValidatorFactoryBean =Failed to set up a Bean Validation provider: jakarta.validation.NoProviderFoundException: Unable to create a Configuration, because no Jakarta Bean Validation provider could be found. Add a provider like Hibernate Validator (RI) to your classpath.  
25-08-23 04::20::765 [main] INFO  o.s.b.a.e.web.EndpointLinksResolver =Exposing 1 endpoint beneath base path '/actuator'  
25-08-23 04::20::934 [main] INFO  o.a.coyote.http11.Http11NioProtocol =Starting ProtocolHandler ["http-nio-8080"]  
25-08-23 04::20::000 [main] INFO  o.s.b.w.e.tomcat.TomcatWebServer =Tomcat started on port 8080 (http) with context path '/grievance-portal'  
25-08-23 04::20::036 [main] INFO  i.g.n.g.u.UserServiceApplication =Started UserServiceApplication in 11.212 seconds (process running for 12.364)  
25-08-23 04::24::050 [SpringApplicationShutdownHook] INFO  o.s.b.w.e.tomcat.GracefulShutdown =Commencing graceful shutdown. Waiting for active requests to complete  
25-08-23 04::24::209 [tomcat-shutdown] INFO  o.s.b.w.e.tomcat.GracefulShutdown =Graceful shutdown complete  
25-08-23 04::24::222 [SpringApplicationShutdownHook] INFO  o.s.o.j.LocalContainerEntityManagerFactoryBean =Closing JPA EntityManagerFactory for persistence unit 'default'  
25-08-23 04::24::228 [SpringApplicationShutdownHook] INFO  com.zaxxer.hikari.HikariDataSource =HikariPool-1 - Shutdown initiated...  
25-08-23 04::24::246 [SpringApplicationShutdownHook] INFO  com.zaxxer.hikari.HikariDataSource =HikariPool-1 - Shutdown completed.  
25-08-23 04::36::495 [main] INFO  i.g.n.g.u.UserServiceApplication =Starting UserServiceApplication using Java 17.0.16 with PID 6848 (C:\SDK\Project\user-service\target\classes started by Chinta Ram in C:\SDK\Project\user-service)  
25-08-23 04::36::501 [main] INFO  i.g.n.g.u.UserServiceApplication =The following 1 profile is active: "dev"  
25-08-23 04::36::557 [main] INFO  o.s.d.r.c.RepositoryConfigurationDelegate =Bootstrapping Spring Data JPA repositories in DEFAULT mode.  
25-08-23 04::36::678 [main] INFO  o.s.d.r.c.RepositoryConfigurationDelegate =Finished Spring Data repository scanning in 105 ms. Found 1 JPA repository interface.  
25-08-23 04::36::601 [main] INFO  o.s.b.w.e.tomcat.TomcatWebServer =Tomcat initialized with port 8080 (http)  
25-08-23 04::36::623 [main] INFO  o.a.coyote.http11.Http11NioProtocol =Initializing ProtocolHandler ["http-nio-8080"]  
25-08-23 04::36::626 [main] INFO  o.a.catalina.core.StandardService =Starting service [Tomcat]  
25-08-23 04::36::627 [main] INFO  o.a.catalina.core.StandardEngine =Starting Servlet engine: [Apache Tomcat/10.1.44]  
25-08-23 04::36::851 [main] INFO  o.a.c.c.C.[.[.[/grievance-portal] =Initializing Spring embedded WebApplicationContext  
25-08-23 04::36::859 [main] INFO  o.s.b.w.s.c.ServletWebServerApplicationContext =Root WebApplicationContext: initialization completed in 3193 ms  
25-08-23 04::36::578 [main] INFO  o.h.jpa.internal.util.LogHelper =HHH000204: Processing PersistenceUnitInfo [name: default]  
25-08-23 04::36::806 [main] INFO  org.hibernate.Version =HHH000412: Hibernate ORM core version 6.6.26.Final  
25-08-23 04::36::888 [main] INFO  o.h.c.i.RegionFactoryInitiator =HHH000026: Second-level cache disabled  
25-08-23 04::36::759 [main] INFO  o.s.o.j.p.SpringPersistenceUnitInfo =No LoadTimeWeaver setup: ignoring JPA class transformer  
25-08-23 04::36::993 [main] INFO  com.zaxxer.hikari.HikariDataSource =HikariPool-1 - Starting...  
25-08-23 04::36::834 [main] INFO  com.zaxxer.hikari.pool.HikariPool =HikariPool-1 - Added connection com.mysql.cj.jdbc.ConnectionImpl@5a8b42a3  
25-08-23 04::36::840 [main] INFO  com.zaxxer.hikari.HikariDataSource =HikariPool-1 - Start completed.  
25-08-23 04::36::597 [main] INFO  o.hibernate.orm.connections.pooling =HHH10001005: Database info:
	Database JDBC URL [Connecting through datasource 'HikariDataSource (HikariPool-1)']
	Database driver: undefined/unknown
	Database version: 8.0.43
	Autocommit mode: undefined/unknown
	Isolation level: undefined/unknown
	Minimum pool size: undefined/unknown
	Maximum pool size: undefined/unknown  
25-08-23 04::36::855 [main] INFO  o.h.e.t.j.p.i.JtaPlatformInitiator =HHH000489: No JTA platform available (set 'hibernate.transaction.jta.platform' to enable JTA platform integration)  
25-08-23 04::36::158 [main] INFO  o.s.o.j.LocalContainerEntityManagerFactoryBean =Initialized JPA EntityManagerFactory for persistence unit 'default'  
25-08-23 04::36::293 [main] WARN  o.s.b.a.o.j.JpaBaseConfiguration$JpaWebConfiguration =spring.jpa.open-in-view is enabled by default. Therefore, database queries may be performed during view rendering. Explicitly configure spring.jpa.open-in-view to disable this warning  
25-08-23 04::36::429 [main] INFO  o.s.v.b.OptionalValidatorFactoryBean =Failed to set up a Bean Validation provider: jakarta.validation.NoProviderFoundException: Unable to create a Configuration, because no Jakarta Bean Validation provider could be found. Add a provider like Hibernate Validator (RI) to your classpath.  
25-08-23 04::36::628 [main] INFO  o.s.b.a.e.web.EndpointLinksResolver =Exposing 1 endpoint beneath base path '/actuator'  
25-08-23 04::36::379 [main] INFO  o.a.coyote.http11.Http11NioProtocol =Starting ProtocolHandler ["http-nio-8080"]  
25-08-23 04::36::499 [main] INFO  o.s.b.w.e.tomcat.TomcatWebServer =Tomcat started on port 8080 (http) with context path '/grievance-portal'  
25-08-23 04::36::561 [main] INFO  i.g.n.g.u.UserServiceApplication =Started UserServiceApplication in 20.891 seconds (process running for 22.114)  
25-08-23 04::50::004 [SpringApplicationShutdownHook] INFO  o.s.b.w.e.tomcat.GracefulShutdown =Commencing graceful shutdown. Waiting for active requests to complete  
25-08-23 04::50::147 [tomcat-shutdown] INFO  o.s.b.w.e.tomcat.GracefulShutdown =Graceful shutdown complete  
25-08-23 04::50::180 [SpringApplicationShutdownHook] INFO  o.s.o.j.LocalContainerEntityManagerFactoryBean =Closing JPA EntityManagerFactory for persistence unit 'default'  
25-08-23 04::50::216 [SpringApplicationShutdownHook] INFO  com.zaxxer.hikari.HikariDataSource =HikariPool-1 - Shutdown initiated...  
25-08-23 04::50::268 [SpringApplicationShutdownHook] INFO  com.zaxxer.hikari.HikariDataSource =HikariPool-1 - Shutdown completed.  
25-08-23 16::39::402 [main] INFO  i.g.n.g.u.UserServiceApplication =Starting UserServiceApplication using Java 17.0.16 with PID 5064 (C:\SDK\Project\user-service\target\classes started by Chinta Ram in C:\SDK\Project\user-service)  
25-08-23 16::39::430 [main] INFO  i.g.n.g.u.UserServiceApplication =The following 1 profile is active: "dev"  
25-08-23 16::39::325 [main] INFO  o.s.d.r.c.RepositoryConfigurationDelegate =Bootstrapping Spring Data JPA repositories in DEFAULT mode.  
25-08-23 16::39::478 [main] INFO  o.s.d.r.c.RepositoryConfigurationDelegate =Finished Spring Data repository scanning in 92 ms. Found 1 JPA repository interface.  
25-08-23 16::39::588 [main] INFO  o.s.b.w.e.tomcat.TomcatWebServer =Tomcat initialized with port 8080 (http)  
25-08-23 16::39::614 [main] INFO  o.a.coyote.http11.Http11NioProtocol =Initializing ProtocolHandler ["http-nio-8080"]  
25-08-23 16::39::617 [main] INFO  o.a.catalina.core.StandardService =Starting service [Tomcat]  
25-08-23 16::39::617 [main] INFO  o.a.catalina.core.StandardEngine =Starting Servlet engine: [Apache Tomcat/10.1.44]  
25-08-23 16::39::759 [main] INFO  o.a.c.c.C.[.[.[/grievance-portal] =Initializing Spring embedded WebApplicationContext  
25-08-23 16::39::760 [main] INFO  o.s.b.w.s.c.ServletWebServerApplicationContext =Root WebApplicationContext: initialization completed in 6804 ms  
25-08-23 16::39::691 [main] INFO  o.h.jpa.internal.util.LogHelper =HHH000204: Processing PersistenceUnitInfo [name: default]  
25-08-23 16::39::925 [main] INFO  org.hibernate.Version =HHH000412: Hibernate ORM core version 6.6.26.Final  
25-08-23 16::39::020 [main] INFO  o.h.c.i.RegionFactoryInitiator =HHH000026: Second-level cache disabled  
25-08-23 16::39::816 [main] INFO  o.s.o.j.p.SpringPersistenceUnitInfo =No LoadTimeWeaver setup: ignoring JPA class transformer  
25-08-23 16::39::876 [main] INFO  com.zaxxer.hikari.HikariDataSource =HikariPool-1 - Starting...  
25-08-23 16::40::706 [main] INFO  com.zaxxer.hikari.pool.HikariPool =HikariPool-1 - Added connection com.mysql.cj.jdbc.ConnectionImpl@7981963f  
25-08-23 16::40::711 [main] INFO  com.zaxxer.hikari.HikariDataSource =HikariPool-1 - Start completed.  
25-08-23 16::40::439 [main] INFO  o.hibernate.orm.connections.pooling =HHH10001005: Database info:
	Database JDBC URL [Connecting through datasource 'HikariDataSource (HikariPool-1)']
	Database driver: undefined/unknown
	Database version: 8.0.43
	Autocommit mode: undefined/unknown
	Isolation level: undefined/unknown
	Minimum pool size: undefined/unknown
	Maximum pool size: undefined/unknown  
25-08-23 16::40::230 [main] INFO  o.h.e.t.j.p.i.JtaPlatformInitiator =HHH000489: No JTA platform available (set 'hibernate.transaction.jta.platform' to enable JTA platform integration)  
25-08-23 16::40::429 [main] INFO  o.s.o.j.LocalContainerEntityManagerFactoryBean =Initialized JPA EntityManagerFactory for persistence unit 'default'  
25-08-23 16::40::255 [main] WARN  o.s.b.a.o.j.JpaBaseConfiguration$JpaWebConfiguration =spring.jpa.open-in-view is enabled by default. Therefore, database queries may be performed during view rendering. Explicitly configure spring.jpa.open-in-view to disable this warning  
25-08-23 16::40::408 [main] INFO  o.s.v.b.OptionalValidatorFactoryBean =Failed to set up a Bean Validation provider: jakarta.validation.NoProviderFoundException: Unable to create a Configuration, because no Jakarta Bean Validation provider could be found. Add a provider like Hibernate Validator (RI) to your classpath.  
25-08-23 16::40::394 [main] INFO  o.s.b.a.e.web.EndpointLinksResolver =Exposing 1 endpoint beneath base path '/actuator'  
25-08-23 16::40::524 [main] INFO  o.a.coyote.http11.Http11NioProtocol =Starting ProtocolHandler ["http-nio-8080"]  
25-08-23 16::40::571 [main] INFO  o.s.b.w.e.tomcat.TomcatWebServer =Tomcat started on port 8080 (http) with context path '/grievance-portal'  
25-08-23 16::40::591 [main] INFO  i.g.n.g.u.UserServiceApplication =Started UserServiceApplication in 21.048 seconds (process running for 26.122)  
25-08-23 16::44::672 [SpringApplicationShutdownHook] INFO  o.s.b.w.e.tomcat.GracefulShutdown =Commencing graceful shutdown. Waiting for active requests to complete  
25-08-23 16::44::733 [tomcat-shutdown] INFO  o.s.b.w.e.tomcat.GracefulShutdown =Graceful shutdown complete  
25-08-23 16::44::738 [SpringApplicationShutdownHook] INFO  o.s.o.j.LocalContainerEntityManagerFactoryBean =Closing JPA EntityManagerFactory for persistence unit 'default'  
25-08-23 16::44::752 [SpringApplicationShutdownHook] INFO  com.zaxxer.hikari.HikariDataSource =HikariPool-1 - Shutdown initiated...  
25-08-23 16::44::826 [SpringApplicationShutdownHook] INFO  com.zaxxer.hikari.HikariDataSource =HikariPool-1 - Shutdown completed.  
